2025-09-03 13:23:35 | INFO | Processing message: Final test message
2025-09-03 13:23:36 | INFO | Processing message: I love Python!
2025-09-03 13:23:37 | INFO | Processing message: Kafka is awesome.
2025-09-03 13:23:38 | INFO | Processing message: Streaming data is fun.
2025-09-03 13:23:39 | INFO | Processing message: This is a buzz message.
2025-09-03 13:23:40 | INFO | Processing message: Have a great day!
2025-09-03 13:23:41 | INFO | Processing message: Hello Kafka
2025-09-03 13:23:42 | INFO | Processing message: This is message 2
2025-09-03 13:23:43 | INFO | Processing message: Testing Apache Kafka
2025-09-03 13:23:44 | INFO | Processing message: Final test message
2025-09-03 13:23:45 | INFO | Processing message: I love Python!
2025-09-03 13:23:46 | INFO | Processing message: Kafka is awesome.
2025-09-03 13:23:47 | INFO | Processing message: Streaming data is fun.
2025-09-03 13:23:48 | INFO | Processing message: This is a buzz message.
2025-09-03 13:23:49 | INFO | Processing message: Have a great day!
2025-09-03 13:23:50 | INFO | Processing message: Hello Kafka
2025-09-03 13:23:51 | INFO | Processing message: This is message 2
2025-09-03 13:23:52 | INFO | Processing message: Testing Apache Kafka
2025-09-03 13:23:53 | INFO | Processing message: Final test message
2025-09-03 13:23:54 | INFO | Processing message: I love Python!
2025-09-03 13:23:55 | INFO | Processing message: Kafka is awesome.
2025-09-03 13:23:56 | INFO | Processing message: Streaming data is fun.
2025-09-03 13:23:57 | INFO | Processing message: This is a buzz message.
2025-09-03 13:23:58 | INFO | Processing message: Have a great day!
2025-09-03 13:23:59 | INFO | Processing message: Hello Kafka
2025-09-03 13:24:00 | INFO | Processing message: This is message 2
2025-09-03 13:24:01 | INFO | Processing message: Testing Apache Kafka
2025-09-03 13:24:02 | INFO | Processing message: Final test message
2025-09-03 13:24:03 | INFO | Processing message: I love Python!
2025-09-03 13:24:04 | INFO | Processing message: Kafka is awesome.
2025-09-03 13:24:05 | INFO | Processing message: Streaming data is fun.
2025-09-03 13:24:06 | INFO | Processing message: This is a buzz message.
2025-09-03 13:24:07 | INFO | Processing message: Have a great day!
2025-09-03 13:24:08 | INFO | Processing message: Hello Kafka
2025-09-03 13:24:09 | INFO | Processing message: This is message 2
2025-09-03 13:24:10 | INFO | Processing message: Testing Apache Kafka
2025-09-03 13:24:11 | INFO | Processing message: Final test message
2025-09-03 13:24:12 | INFO | Processing message: I love Python!
2025-09-03 13:24:13 | INFO | Processing message: Kafka is awesome.
2025-09-03 13:24:14 | INFO | Processing message: Streaming data is fun.
2025-09-03 13:24:15 | INFO | Processing message: This is a buzz message.
2025-09-03 13:24:16 | INFO | Processing message: Have a great day!
2025-09-03 13:24:17 | INFO | Processing message: Hello Kafka
2025-09-03 13:24:18 | INFO | Processing message: This is message 2
2025-09-03 13:24:19 | INFO | Processing message: Testing Apache Kafka
2025-09-03 13:24:20 | INFO | Processing message: Final test message
2025-09-03 13:24:21 | INFO | Processing message: I love Python!
2025-09-03 13:24:22 | INFO | Processing message: Kafka is awesome.
2025-09-03 13:24:23 | INFO | Processing message: Streaming data is fun.
2025-09-03 13:24:24 | INFO | Processing message: This is a buzz message.
2025-09-03 13:24:25 | INFO | Processing message: Have a great day!
2025-09-03 13:24:26 | INFO | Processing message: Hello Kafka
2025-09-03 13:24:27 | INFO | Processing message: This is message 2
2025-09-03 13:24:28 | INFO | Processing message: Testing Apache Kafka
2025-09-03 13:24:29 | INFO | Processing message: Final test message
2025-09-03 13:24:30 | INFO | Processing message: I love Python!
2025-09-03 13:24:31 | INFO | Processing message: Kafka is awesome.
2025-09-03 13:24:32 | INFO | Processing message: Streaming data is fun.
2025-09-03 13:24:33 | INFO | Processing message: This is a buzz message.
2025-09-03 13:24:34 | INFO | Processing message: Have a great day!
2025-09-03 13:24:35 | INFO | Processing message: Hello Kafka
2025-09-03 13:24:36 | INFO | Processing message: This is message 2
2025-09-03 13:24:37 | INFO | Processing message: Testing Apache Kafka
2025-09-03 13:24:38 | INFO | Processing message: Final test message
2025-09-03 13:24:39 | INFO | Processing message: I love Python!
2025-09-03 13:24:40 | INFO | Processing message: Kafka is awesome.
2025-09-03 13:24:41 | INFO | Processing message: Streaming data is fun.
2025-09-03 13:24:42 | INFO | Processing message: This is a buzz message.
2025-09-03 13:24:43 | INFO | Processing message: Have a great day!
2025-09-03 13:24:44 | INFO | Processing message: Hello Kafka
2025-09-03 13:24:45 | INFO | Processing message: This is message 2
2025-09-03 13:24:46 | INFO | Processing message: Testing Apache Kafka
2025-09-03 13:24:47 | INFO | Processing message: Final test message
2025-09-03 13:24:48 | INFO | Processing message: I love Python!
2025-09-03 13:24:49 | INFO | Processing message: Kafka is awesome.
2025-09-03 13:24:50 | INFO | Processing message: Streaming data is fun.
2025-09-03 13:24:51 | INFO | Processing message: This is a buzz message.
2025-09-03 13:24:52 | INFO | Processing message: Have a great day!
2025-09-03 13:24:53 | INFO | Processing message: Hello Kafka
2025-09-03 13:24:54 | INFO | Processing message: This is message 2
2025-09-03 13:24:55 | INFO | Processing message: Testing Apache Kafka
2025-09-03 13:24:56 | INFO | Processing message: Final test message
2025-09-03 13:24:57 | INFO | Processing message: I love Python!
2025-09-03 13:24:58 | INFO | Processing message: Kafka is awesome.
2025-09-03 13:24:59 | INFO | Processing message: Streaming data is fun.
2025-09-03 13:25:00 | INFO | Processing message: This is a buzz message.
2025-09-03 13:25:01 | INFO | Processing message: Have a great day!
2025-09-03 13:25:02 | INFO | Processing message: Hello Kafka
2025-09-03 13:25:03 | INFO | Processing message: This is message 2
2025-09-03 13:25:04 | INFO | Processing message: Testing Apache Kafka
2025-09-03 13:25:05 | INFO | Processing message: Final test message
2025-09-03 13:25:06 | INFO | Processing message: I love Python!
2025-09-03 13:25:07 | INFO | Processing message: Kafka is awesome.
2025-09-03 13:25:08 | INFO | Processing message: Streaming data is fun.
2025-09-03 13:25:09 | INFO | Processing message: This is a buzz message.
2025-09-03 13:25:10 | INFO | Processing message: Have a great day!
2025-09-03 13:25:11 | INFO | Processing message: Hello Kafka
2025-09-03 13:25:12 | INFO | Processing message: This is message 2
2025-09-03 13:25:13 | INFO | Processing message: Testing Apache Kafka
2025-09-03 13:25:14 | INFO | Processing message: Final test message
2025-09-03 13:25:15 | INFO | Processing message: I love Python!
2025-09-03 13:25:16 | INFO | Processing message: Kafka is awesome.
2025-09-03 13:25:17 | INFO | Processing message: Streaming data is fun.
2025-09-03 13:25:18 | INFO | Processing message: This is a buzz message.
2025-09-03 13:25:19 | INFO | Processing message: Have a great day!
2025-09-03 13:25:20 | INFO | Processing message: Hello Kafka
2025-09-03 13:25:21 | INFO | Processing message: This is message 2
2025-09-03 13:25:22 | INFO | Processing message: Testing Apache Kafka
2025-09-03 13:25:23 | INFO | Processing message: Final test message
2025-09-03 13:25:24 | INFO | Processing message: I love Python!
2025-09-03 13:25:25 | INFO | Processing message: Kafka is awesome.
2025-09-03 13:25:26 | INFO | Processing message: Streaming data is fun.
2025-09-03 13:25:27 | INFO | Processing message: This is a buzz message.
2025-09-03 13:25:28 | INFO | Processing message: Have a great day!
2025-09-03 13:25:29 | INFO | Processing message: Hello Kafka
2025-09-03 13:25:30 | INFO | Processing message: This is message 2
2025-09-03 13:25:31 | INFO | Processing message: Testing Apache Kafka
2025-09-03 13:25:32 | INFO | Processing message: Final test message
2025-09-03 13:25:33 | INFO | Processing message: I love Python!
2025-09-03 13:25:34 | INFO | Processing message: Kafka is awesome.
2025-09-03 13:25:35 | INFO | Processing message: Streaming data is fun.
2025-09-03 13:25:36 | INFO | Processing message: This is a buzz message.
2025-09-03 13:25:37 | INFO | Processing message: Have a great day!
2025-09-03 13:25:38 | INFO | Processing message: Hello Kafka
2025-09-03 13:25:39 | INFO | Processing message: This is message 2
2025-09-03 13:25:40 | INFO | Processing message: Testing Apache Kafka
2025-09-03 13:25:41 | INFO | Processing message: Final test message
2025-09-03 13:25:42 | INFO | Processing message: I love Python!
2025-09-03 13:25:43 | INFO | Processing message: Kafka is awesome.
2025-09-03 13:25:44 | INFO | Processing message: Streaming data is fun.
2025-09-03 13:25:45 | INFO | Processing message: This is a buzz message.
2025-09-03 13:25:46 | INFO | Processing message: Have a great day!
2025-09-03 13:25:47 | INFO | Processing message: Hello Kafka
2025-09-03 13:25:48 | INFO | Processing message: This is message 2
2025-09-03 13:25:49 | INFO | Processing message: Testing Apache Kafka
2025-09-03 13:25:50 | INFO | Processing message: Final test message
2025-09-03 13:25:51 | INFO | Processing message: I love Python!
2025-09-03 13:25:52 | INFO | Processing message: Kafka is awesome.
2025-09-03 13:25:53 | INFO | Processing message: Streaming data is fun.
2025-09-03 13:25:54 | INFO | Processing message: This is a buzz message.
2025-09-03 13:25:55 | INFO | Processing message: Have a great day!
2025-09-03 13:25:56 | INFO | Processing message: Hello Kafka
2025-09-03 13:25:57 | INFO | Processing message: This is message 2
2025-09-03 13:25:58 | INFO | Processing message: Testing Apache Kafka
2025-09-03 13:25:59 | INFO | Processing message: Final test message
2025-09-03 13:26:00 | INFO | Processing message: I love Python!
2025-09-03 13:26:01 | INFO | Processing message: Kafka is awesome.
2025-09-03 13:26:02 | INFO | Processing message: Streaming data is fun.
2025-09-03 13:26:03 | INFO | Processing message: This is a buzz message.
2025-09-03 13:26:04 | INFO | Processing message: Have a great day!
2025-09-03 13:26:05 | INFO | Processing message: Hello Kafka
2025-09-03 13:26:06 | INFO | Processing message: This is message 2
2025-09-03 13:26:07 | INFO | Processing message: Testing Apache Kafka
2025-09-03 13:26:08 | INFO | Processing message: Final test message
2025-09-03 13:26:09 | INFO | Processing message: I love Python!
2025-09-03 13:26:10 | INFO | Processing message: Kafka is awesome.
2025-09-03 13:26:11 | INFO | Processing message: Streaming data is fun.
2025-09-03 13:26:12 | INFO | Processing message: This is a buzz message.
2025-09-03 13:26:13 | INFO | Processing message: Have a great day!
2025-09-03 13:26:14 | INFO | Processing message: Hello Kafka
2025-09-03 13:26:15 | INFO | Processing message: This is message 2
2025-09-03 13:26:16 | INFO | Processing message: Testing Apache Kafka
2025-09-03 13:26:17 | INFO | Processing message: Final test message
2025-09-03 13:26:18 | INFO | Processing message: I love Python!
2025-09-03 13:26:19 | INFO | Processing message: Kafka is awesome.
2025-09-03 13:26:20 | INFO | Processing message: Streaming data is fun.
2025-09-03 13:26:21 | INFO | Processing message: This is a buzz message.
2025-09-03 13:26:22 | INFO | Processing message: Have a great day!
2025-09-03 13:26:23 | INFO | Processing message: Hello Kafka
2025-09-03 13:26:24 | INFO | Processing message: This is message 2
2025-09-03 13:26:25 | INFO | Processing message: Testing Apache Kafka
2025-09-03 13:26:26 | INFO | Processing message: Final test message
2025-09-03 13:26:27 | INFO | Processing message: I love Python!
2025-09-03 13:26:28 | INFO | Processing message: Kafka is awesome.
2025-09-03 13:26:29 | INFO | Processing message: Streaming data is fun.
2025-09-03 13:26:30 | INFO | Processing message: This is a buzz message.
2025-09-03 13:26:31 | INFO | Processing message: Have a great day!
2025-09-03 13:26:32 | INFO | Processing message: Hello Kafka
2025-09-03 13:26:33 | INFO | Processing message: This is message 2
2025-09-03 13:26:34 | INFO | Processing message: Testing Apache Kafka
2025-09-03 13:26:35 | INFO | Processing message: Final test message
2025-09-03 13:26:36 | INFO | Processing message: I love Python!
2025-09-03 13:26:37 | INFO | Processing message: Kafka is awesome.
2025-09-03 13:26:38 | INFO | Processing message: Streaming data is fun.
2025-09-03 13:26:39 | INFO | Processing message: This is a buzz message.
2025-09-03 13:26:40 | INFO | Processing message: Have a great day!
2025-09-03 13:26:42 | INFO | Processing message: Hello Kafka
